<?xml version="1.0" encoding="UTF-8"?>
<!-- Generated by org.testng.reporters.JUnitReportReporter -->
<testsuite hostname="DESKTOP-1TBE3M1" failures="0" tests="1" name="utility.cal_demo" time="0.024" errors="0" timestamp="2024-04-30T13:40:25 IST" skipped="0">
  <testcase classname="utility.cal_demo" name="performCalculations" time="0.024"/>
</testsuite> <!-- utility.cal_demo -->
