<?xml version="1.0" encoding="UTF-8"?>
<!-- Generated by org.testng.reporters.JUnitReportReporter -->
<testsuite hostname="DESKTOP-1TBE3M1" failures="0" tests="1" name="utility.Calculator" time="0.022" errors="0" timestamp="2024-04-30T19:09:00 IST" skipped="0">
  <testcase classname="utility.Calculator" name="performCalculations" time="0.022"/>
</testsuite> <!-- utility.Calculator -->
